<?xml version="1.0" encoding="UTF-8"?>
<!-- Generated by org.testng.reporters.JUnitXMLReporter -->
<testsuite hostname="DESKTOP-MUQUGSJ" ignored="1" name="CHTest4-ForgotPasswordTest" tests="2" failures="0" timestamp="29 Oct 2018 16:59:03 GMT" time="180.244" errors="0">
  <testcase name="validateForgotPasswordPage_PageHeading_FP" time="0.676" classname="com.a3hp.automationpracticee.framework.test.createaccountandlogin.ForgotPasswordTest"/>
  <testcase name="validateforgotPasswordProcess_FP" time="11.955" classname="com.a3hp.automationpracticee.framework.test.createaccountandlogin.ForgotPasswordTest"/>
  <testcase name="validateBackToLoginButton_FP" time="0.0" classname="com.a3hp.automationpracticee.framework.test.createaccountandlogin.ForgotPasswordTest">
    <ignored/>
  </testcase> <!-- validateBackToLoginButton_FP -->
</testsuite> <!-- CHTest4-ForgotPasswordTest -->
