<?xml version="1.0" encoding="UTF-8"?>
<!-- Generated by org.testng.reporters.JUnitXMLReporter -->
<testsuite hostname="DESKTOP-MUQUGSJ" ignored="0" name="CHTest3-RegistrationTest" tests="2" failures="0" timestamp="29 Oct 2018 16:13:20 GMT" time="135.652" errors="0">
  <testcase name="validatePageHeading_RP" time="1.036" classname="com.a3hp.automationpracticee.framework.test.createaccountandlogin.RegistrationTest"/>
  <testcase name="validateBreadcrumbText_RP" time="0.98" classname="com.a3hp.automationpracticee.framework.test.createaccountandlogin.RegistrationTest"/>
</testsuite> <!-- CHTest3-RegistrationTest -->
