<?xml version="1.0" encoding="UTF-8"?>
<!-- Generated by org.testng.reporters.JUnitXMLReporter -->
<testsuite hostname="DESKTOP-MUQUGSJ" ignored="1" name="CHTest1-SignInTest" tests="5" failures="0" timestamp="29 Oct 2018 15:19:15 GMT" time="315.928" errors="0">
  <testcase name="validateSignInPage_PageHeading_SIP" time="74.031" classname="com.a3hp.automationpracticee.framework.test.createaccountandlogin.SignInTest"/>
  <testcase name="validateSignInPage_SignInSectionHeading_SIP" time="0.834" classname="com.a3hp.automationpracticee.framework.test.createaccountandlogin.SignInTest"/>
  <testcase name="validateSignInPageBreadcrumbText_SIP" time="0.887" classname="com.a3hp.automationpracticee.framework.test.createaccountandlogin.SignInTest"/>
  <testcase name="validateRegistrationSectionHeading_SignInPage_SIP" time="0.833" classname="com.a3hp.automationpracticee.framework.test.createaccountandlogin.SignInTest"/>
  <testcase name="validateLoginProcess_SIP" time="3.208" classname="com.a3hp.automationpracticee.framework.test.createaccountandlogin.SignInTest"/>
  <testcase name="validateForgotPasswordLink_SIP" time="0.0" classname="com.a3hp.automationpracticee.framework.test.createaccountandlogin.SignInTest">
    <ignored/>
  </testcase> <!-- validateForgotPasswordLink_SIP -->
</testsuite> <!-- CHTest1-SignInTest -->
