<?xml version="1.0" encoding="UTF-8"?>
<!-- Generated by org.testng.reporters.JUnitXMLReporter -->
<testsuite hostname="DESKTOP-MUQUGSJ" ignored="0" name="FFTest3-RegistrationTest" tests="2" failures="0" timestamp="29 Oct 2018 16:18:38 GMT" time="317.878" errors="0">
  <testcase name="validatePageHeading_RP" time="0.365" classname="com.a3hp.automationpracticee.framework.test.createaccountandlogin.RegistrationTest"/>
  <testcase name="validateBreadcrumbText_RP" time="0.422" classname="com.a3hp.automationpracticee.framework.test.createaccountandlogin.RegistrationTest"/>
</testsuite> <!-- FFTest3-RegistrationTest -->
