<?xml version="1.0" encoding="UTF-8"?>
<!-- Generated by org.testng.reporters.JUnitXMLReporter -->
<testsuite hostname="DESKTOP-MUQUGSJ" ignored="1" name="FFTest4-ForgotPasswordTest" tests="2" failures="0" timestamp="29 Oct 2018 16:56:02 GMT" time="600.262" errors="0">
  <testcase name="validateForgotPasswordPage_PageHeading_FP" time="0.315" classname="com.a3hp.automationpracticee.framework.test.createaccountandlogin.ForgotPasswordTest"/>
  <testcase name="validateforgotPasswordProcess_FP" time="4.004" classname="com.a3hp.automationpracticee.framework.test.createaccountandlogin.ForgotPasswordTest"/>
  <testcase name="validateBackToLoginButton_FP" time="0.0" classname="com.a3hp.automationpracticee.framework.test.createaccountandlogin.ForgotPasswordTest">
    <ignored/>
  </testcase> <!-- validateBackToLoginButton_FP -->
</testsuite> <!-- FFTest4-ForgotPasswordTest -->
